2015-07-03 11:19:32 ################################################################################################# MUNDO TIGRE ##################################################################################################################
2015-07-03 11:19:32 
2015-07-03 11:19:32 ------------------------------------------------------------------------------Teste CPF---------------------------------------------------------------------------------------------------------------------------------
2015-07-03 11:19:34 Teste CPF [-Não Passou]: 
2015-07-03 11:19:36 Teste CPF [-Não Passou]: 0123456711
2015-07-03 11:19:40 Teste CPF [+Passou]: 214748364722
2015-07-03 11:19:43 Teste CPF [+Passou]: 091.215.038.23
2015-07-03 11:19:47 Teste CPF [+Passou]: 21474836474
2015-07-03 11:19:50 Teste CPF [+Passou]: 654,123,212,25
2015-07-03 11:19:51 Teste CPF [-Não Passou]: OnzeLETRASA
2015-07-03 11:19:52 Teste CPF [-Não Passou]: !@#$%¨&*()_
2015-07-03 11:19:54 Teste CPF [-Não Passou]: 
2015-07-03 11:19:55 Teste CPF [-Não Passou]: 0123456719
2015-07-03 11:19:59 Teste CPF [+Passou]: 2147483647210
2015-07-03 11:20:03 Teste CPF [+Passou]: 091.215.038.211
2015-07-03 11:20:07 Teste CPF [+Passou]: 214748364712
2015-07-03 11:20:10 Teste CPF [+Passou]: 654,123,212,213
2015-07-03 11:20:12 Teste CPF [-Não Passou]: OnzeLETRASA
2015-07-03 11:20:13 Teste CPF [-Não Passou]: !@#$%¨&*()_
2015-07-03 11:20:13 
2015-07-03 11:20:13 ------------------------------------------------------------------------------Resultados do teste de CPF----------------------------------------------------------------------------------------------------------------------
2015-07-03 11:20:13 Total de vezes que enviou com Javascript habilitado: 4
2015-07-03 11:20:13 Total de vezes que não enviou com Javascript habilitado: 4
2015-07-03 11:20:13 
2015-07-03 11:20:13 Total de vezes que enviou com Javascript desabilitado: 4
2015-07-03 11:20:13 Total de vezes que não enviou com Javascript desabilitado: 4
2015-07-03 11:20:13 
2015-07-03 11:20:13 Total de vezes que enviou: 8
2015-07-03 11:20:13 Total de vezes que não enviou: 8
2015-07-03 11:20:13 
2015-07-03 11:20:13 Tempo total de execução: 00:41
2015-07-03 11:20:13 -----------------------------------------------------------------------------------------------------------------------------------------------------------------------------------------------------------------------------------
2015-07-03 11:20:13 ------------------------------------------------------------------------------Teste Email-----------------------------------------------------------------------------------------------------------------------------------
2015-07-03 11:20:14 Teste Email [-Não Passou]: 
2015-07-03 11:20:15 Teste Email [-Não Passou]: nome@mail
2015-07-03 11:20:19 Teste Email [+Passou]: nome@mail.com
2015-07-03 11:20:23 Teste Email [+Passou]: nome_!$#%@mail.com
2015-07-03 11:20:24 Teste Email [-Não Passou]: nome.sobrenome@mail
2015-07-03 11:20:25 Teste Email [-Não Passou]: nome.sobrenome@mail.com
2015-07-03 11:20:29 Teste Email [+Passou]: nome.sobrenome123@mail.com
2015-07-03 11:20:33 Teste Email [+Passou]: nome.sobrenome@mail.com.br
2015-07-03 11:20:34 Teste Email [-Não Passou]: nome_sobrenome@mail
2015-07-03 11:20:37 Teste Email [+Passou]: nome_sobrenome@mail.com
2015-07-03 11:20:41 Teste Email [+Passou]: nome_sobrenome123@mail.com
2015-07-03 11:20:44 Teste Email [+Passou]: nome_sobrenome@mail.com.br
2015-07-03 11:20:46 Teste Email [-Não Passou]: nome_sobrenome_outrosobrenome@mail
2015-07-03 11:20:49 Teste Email [+Passou]: nome_sobrenome_outrosobrenome@mail.com
2015-07-03 11:20:51 Teste Email [-Não Passou]: nome_sobrenome1!@23_outrosobrenome@mail.com
2015-07-03 11:20:54 Teste Email [+Passou]: nome_sobrenome_outrosobrenome@mail.com.br
2015-07-03 11:20:55 Teste Email [-Não Passou]: nome_sobrenom!@e_outr¨&$%osobrenome@mail.com.br
2015-07-03 11:20:55 
2015-07-03 11:20:55 ------------------------------------------------------------------------------Email com Javascript desabilitado-------------------------------------------------------------------------------------------------------------
2015-07-03 11:20:57 Teste Email [-Não Passou]: 
2015-07-03 11:20:58 Teste Email [-Não Passou]: nome@mail
2015-07-03 11:21:02 Teste Email [+Passou]: nome@mail.com
2015-07-03 11:21:05 Teste Email [+Passou]: nome_!$#%@mail.com
2015-07-03 11:21:07 Teste Email [-Não Passou]: nome.sobrenome@mail
2015-07-03 11:21:10 Teste Email [+Passou]: nome.sobrenome@mail.com
2015-07-03 11:21:14 Teste Email [+Passou]: nome.sobrenome123@mail.com
2015-07-03 11:21:18 Teste Email [+Passou]: nome.sobrenome@mail.com.br
2015-07-03 11:21:19 Teste Email [-Não Passou]: nome_sobrenome@mail
2015-07-03 11:21:22 Teste Email [+Passou]: nome_sobrenome@mail.com
2015-07-03 11:21:26 Teste Email [+Passou]: nome_sobrenome123@mail.com
2015-07-03 11:21:29 Teste Email [+Passou]: nome_sobrenome@mail.com.br
2015-07-03 11:21:31 Teste Email [-Não Passou]: nome_sobrenome_outrosobrenome@mail
2015-07-03 11:21:34 Teste Email [+Passou]: nome_sobrenome_outrosobrenome@mail.com
2015-07-03 11:21:36 Teste Email [-Não Passou]: nome_sobrenome1!@23_outrosobrenome@mail.com
2015-07-03 11:21:40 Teste Email [+Passou]: nome_sobrenome_outrosobrenome@mail.com.br
2015-07-03 11:21:42 Teste Email [-Não Passou]: nome_sobrenom!@e_outr¨&$%osobrenome@mail.com.br
2015-07-03 11:21:42 
2015-07-03 11:21:42 ------------------------------------------------------------------------------Resultados do teste de Email----------------------------------------------------------------------------------------------------------------------
2015-07-03 11:21:42 Total de vezes que enviou com Javascript habilitado: 9
2015-07-03 11:21:42 Total de vezes que não enviou com Javascript habilitado: 8
2015-07-03 11:21:42 
2015-07-03 11:21:42 Total de vezes que enviou com Javascript desabilitado: 10
2015-07-03 11:21:42 Total de vezes que não enviou com Javascript desabilitado: 7
2015-07-03 11:21:42 
2015-07-03 11:21:42 Total de vezes que enviou: 19
2015-07-03 11:21:42 Total de vezes que não enviou: 15
2015-07-03 11:21:42 
2015-07-03 11:21:42 Tempo total de execução: 01:29
2015-07-03 11:21:42 -----------------------------------------------------------------------------------------------------------------------------------------------------------------------------------------------------------------------------------
2015-07-03 11:21:42 Data da execução: 03/07/15 11:21
2015-07-03 11:21:42 Tempo total de execução de todos os testes: 02:10
2015-07-03 11:21:42 ####################################################################################################################################################################################################################
2015-07-03 11:25:15 ################################################################################################# MUNDO TIGRE ##################################################################################################################
2015-07-03 11:25:15 
2015-07-03 11:25:15 ------------------------------------------------------------------------------Teste CPF---------------------------------------------------------------------------------------------------------------------------------
2015-07-03 11:25:17 Teste CPF [-Não Passou]: 
2015-07-03 11:25:18 Teste CPF [-Não Passou]: 0123456711
2015-07-03 11:25:35 Teste CPF [-Não Passou]: OnzeLETRASA
2015-07-03 11:25:37 Teste CPF [-Não Passou]: !@#$%¨&*()_
2015-07-03 11:25:38 Teste CPF [-Não Passou]: 
2015-07-03 11:25:57 ################################################################################################# MUNDO TIGRE ##################################################################################################################
2015-07-03 11:25:57 
2015-07-03 11:25:57 ------------------------------------------------------------------------------Teste CPF---------------------------------------------------------------------------------------------------------------------------------
2015-07-03 11:26:07 Link is not found.
2015-07-03 11:26:49 ################################################################################################# MUNDO TIGRE ##################################################################################################################
2015-07-03 11:26:49 
2015-07-03 11:26:49 ------------------------------------------------------------------------------Teste CPF---------------------------------------------------------------------------------------------------------------------------------
2015-07-03 11:26:59 Link is not found.
2015-07-03 11:27:57 ################################################################################################# MUNDO TIGRE ##################################################################################################################
2015-07-03 11:27:57 
2015-07-03 11:27:57 ------------------------------------------------------------------------------Teste CPF---------------------------------------------------------------------------------------------------------------------------------
2015-07-03 11:28:07 Link is not found.
2015-07-03 11:29:15 ################################################################################################# MUNDO TIGRE ##################################################################################################################
2015-07-03 11:29:15 
2015-07-03 11:29:15 ------------------------------------------------------------------------------Teste CPF---------------------------------------------------------------------------------------------------------------------------------
2015-07-03 11:29:18 Teste CPF [-Não Passou]: 
2015-07-03 11:29:21 Teste CPF [-Não Passou]: 0123456711
2015-07-03 11:29:22 Teste CPF [-Não Passou]: 214748364722
2015-07-03 11:29:23 Teste CPF [-Não Passou]: 091.215.038.23
2015-07-03 11:29:24 Teste CPF [-Não Passou]: 21474836474
2015-07-03 11:29:25 Teste CPF [-Não Passou]: 654,123,212,25
2015-07-03 11:29:26 Teste CPF [-Não Passou]: OnzeLETRASA
2015-07-03 11:29:26 Teste CPF [-Não Passou]: !@#$%¨&*()_
2015-07-03 11:29:27 Teste CPF [-Não Passou]: 
2015-07-03 11:29:28 Teste CPF [-Não Passou]: 0123456719
2015-07-03 11:29:29 Teste CPF [-Não Passou]: 2147483647210
2015-07-03 11:29:30 Teste CPF [-Não Passou]: 091.215.038.211
2015-07-03 11:29:31 Teste CPF [-Não Passou]: 214748364712
2015-07-03 11:29:32 Teste CPF [-Não Passou]: 654,123,212,213
2015-07-03 11:29:33 Teste CPF [-Não Passou]: OnzeLETRASA
2015-07-03 11:29:34 Teste CPF [-Não Passou]: !@#$%¨&*()_
2015-07-03 11:29:34 
2015-07-03 11:29:34 ------------------------------------------------------------------------------Resultados do teste de CPF----------------------------------------------------------------------------------------------------------------------
2015-07-03 11:29:34 Total de vezes que enviou com Javascript habilitado: 0
2015-07-03 11:29:34 Total de vezes que não enviou com Javascript habilitado: 8
2015-07-03 11:29:34 
2015-07-03 11:29:34 Total de vezes que enviou com Javascript desabilitado: 0
2015-07-03 11:29:34 Total de vezes que não enviou com Javascript desabilitado: 8
2015-07-03 11:29:34 
2015-07-03 11:29:34 Total de vezes que enviou: 0
2015-07-03 11:29:34 Total de vezes que não enviou: 16
2015-07-03 11:29:34 
2015-07-03 11:29:34 Tempo total de execução: 00:18
2015-07-03 11:29:34 -----------------------------------------------------------------------------------------------------------------------------------------------------------------------------------------------------------------------------------
2015-07-03 11:29:34 ------------------------------------------------------------------------------Teste Email-----------------------------------------------------------------------------------------------------------------------------------
2015-07-03 11:29:35 Teste Email [-Não Passou]: 
2015-07-03 11:29:36 Teste Email [-Não Passou]: nome@mail
2015-07-03 11:29:40 Teste Email [+Passou]: nome@mail.com
2015-07-03 11:29:43 Teste Email [+Passou]: nome_!$#%@mail.com
2015-07-03 11:29:53 ################################################################################################# MUNDO TIGRE ##################################################################################################################
2015-07-03 11:29:53 
2015-07-03 11:29:53 ------------------------------------------------------------------------------Teste CPF---------------------------------------------------------------------------------------------------------------------------------
2015-07-03 11:29:56 Teste CPF [-Não Passou]: 
2015-07-03 11:29:59 Teste CPF [-Não Passou]: 0123456711
2015-07-03 11:30:00 Teste CPF [-Não Passou]: 214748364722
2015-07-03 11:30:01 Teste CPF [-Não Passou]: 091.215.038.23
2015-07-03 11:30:02 Teste CPF [-Não Passou]: 21474836474
2015-07-03 11:30:03 Teste CPF [-Não Passou]: 654,123,212,25
2015-07-03 11:30:04 Teste CPF [-Não Passou]: OnzeLETRASA
2015-07-03 11:30:05 Teste CPF [-Não Passou]: !@#$%¨&*()_
2015-07-03 11:30:06 Teste CPF [-Não Passou]: 
2015-07-03 11:30:06 Teste CPF [-Não Passou]: 0123456719
2015-07-03 11:30:07 Teste CPF [-Não Passou]: 2147483647210
2015-07-03 11:30:08 Teste CPF [-Não Passou]: 091.215.038.211
2015-07-03 11:30:09 Teste CPF [-Não Passou]: 214748364712
2015-07-03 11:30:10 Teste CPF [-Não Passou]: 654,123,212,213
2015-07-03 11:30:11 Teste CPF [-Não Passou]: OnzeLETRASA
2015-07-03 11:30:12 Teste CPF [-Não Passou]: !@#$%¨&*()_
2015-07-03 11:30:12 
2015-07-03 11:30:12 ------------------------------------------------------------------------------Resultados do teste de CPF----------------------------------------------------------------------------------------------------------------------
2015-07-03 11:30:12 Total de vezes que enviou com Javascript habilitado: 0
2015-07-03 11:30:12 Total de vezes que não enviou com Javascript habilitado: 8
2015-07-03 11:30:12 
2015-07-03 11:30:12 Total de vezes que enviou com Javascript desabilitado: 0
2015-07-03 11:30:12 Total de vezes que não enviou com Javascript desabilitado: 8
2015-07-03 11:30:12 
2015-07-03 11:30:12 Total de vezes que enviou: 0
2015-07-03 11:30:12 Total de vezes que não enviou: 16
2015-07-03 11:30:12 
2015-07-03 11:30:12 Tempo total de execução: 00:18
2015-07-03 11:30:12 -----------------------------------------------------------------------------------------------------------------------------------------------------------------------------------------------------------------------------------
2015-07-03 11:30:12 ------------------------------------------------------------------------------Teste Email-----------------------------------------------------------------------------------------------------------------------------------
2015-07-03 11:30:13 Teste Email [-Não Passou]: 
2015-07-03 11:30:34 ################################################################################################# MUNDO TIGRE ##################################################################################################################
2015-07-03 11:30:34 
2015-07-03 11:30:34 ------------------------------------------------------------------------------Teste CPF---------------------------------------------------------------------------------------------------------------------------------
2015-07-03 11:30:47 Houve um Problema.
2015-07-03 11:31:21 ################################################################################################# MUNDO TIGRE ##################################################################################################################
2015-07-03 11:31:21 
2015-07-03 11:31:21 ------------------------------------------------------------------------------Teste CPF---------------------------------------------------------------------------------------------------------------------------------
2015-07-03 11:31:33 Houve um Problema.
2015-07-03 11:35:32 ################################################################################################# MUNDO TIGRE ##################################################################################################################
2015-07-03 11:35:32 
2015-07-03 11:35:32 ------------------------------------------------------------------------------Teste CPF---------------------------------------------------------------------------------------------------------------------------------
2015-07-03 11:35:44 Houve um Problema.
2015-07-03 11:36:50 ################################################################################################# MUNDO TIGRE ##################################################################################################################
2015-07-03 11:36:50 
2015-07-03 11:36:50 ------------------------------------------------------------------------------Teste CPF---------------------------------------------------------------------------------------------------------------------------------
2015-07-03 11:37:04 Houve um Problema.
2015-07-03 11:39:43 ################################################################################################# MUNDO TIGRE ##################################################################################################################
2015-07-03 11:39:43 
2015-07-03 11:39:43 ------------------------------------------------------------------------------Teste CPF---------------------------------------------------------------------------------------------------------------------------------
2015-07-03 11:39:57 Houve um Problema.
2015-07-03 11:40:35 ################################################################################################# MUNDO TIGRE ##################################################################################################################
2015-07-03 11:40:35 
2015-07-03 11:40:35 ------------------------------------------------------------------------------Teste CPF---------------------------------------------------------------------------------------------------------------------------------
2015-07-03 11:40:48 Houve um Problema.
2015-07-03 11:43:29 ################################################################################################# MUNDO TIGRE ##################################################################################################################
2015-07-03 11:43:29 
2015-07-03 11:43:29 ------------------------------------------------------------------------------Teste CPF---------------------------------------------------------------------------------------------------------------------------------
2015-07-03 11:43:43 Houve um Problema.
2015-07-03 11:44:16 ################################################################################################# MUNDO TIGRE ##################################################################################################################
2015-07-03 11:44:16 
2015-07-03 11:44:16 ------------------------------------------------------------------------------Teste CPF---------------------------------------------------------------------------------------------------------------------------------
2015-07-03 11:44:30 Houve um Problema.
2015-07-03 11:45:52 ################################################################################################# MUNDO TIGRE ##################################################################################################################
2015-07-03 11:45:52 
2015-07-03 11:45:52 ------------------------------------------------------------------------------Teste CPF---------------------------------------------------------------------------------------------------------------------------------
2015-07-03 11:46:04 Houve um Problema.
2015-07-03 11:49:10 ################################################################################################# MUNDO TIGRE ##################################################################################################################
2015-07-03 11:49:10 
2015-07-03 11:49:10 ------------------------------------------------------------------------------Teste CPF---------------------------------------------------------------------------------------------------------------------------------
2015-07-03 11:49:14 Houve um Problema.
2015-07-03 11:49:20 ################################################################################################# MUNDO TIGRE ##################################################################################################################
2015-07-03 11:49:20 
2015-07-03 11:49:20 ------------------------------------------------------------------------------Teste Email-----------------------------------------------------------------------------------------------------------------------------------
2015-07-03 11:49:22 Houve um Problema.
2015-07-03 11:51:01 ################################################################################################# MUNDO TIGRE ##################################################################################################################
2015-07-03 11:51:01 
2015-07-03 11:51:01 ------------------------------------------------------------------------------Teste Email-----------------------------------------------------------------------------------------------------------------------------------
2015-07-03 11:51:04 Houve um Problema.
2015-07-03 11:52:33 ################################################################################################# MUNDO TIGRE ##################################################################################################################
2015-07-03 11:52:33 
2015-07-03 11:52:33 ------------------------------------------------------------------------------Teste CPF---------------------------------------------------------------------------------------------------------------------------------
2015-07-03 11:52:44 Houve um Problema.
2015-07-03 16:04:02 ################################################################################# MUNDO TIGRE ########################################################################################################################
2015-07-03 16:04:02 
2015-07-03 16:04:02 --------------------------------------------------------------------------Teste CPF---------------------------------------------------------------------------------------------------------------------
2015-07-03 16:04:16 Houve um Problema.
2015-07-03 16:04:38 ################################################################################# MUNDO TIGRE ########################################################################################################################
2015-07-03 16:04:38 
2015-07-03 16:04:38 --------------------------------------------------------------------------Teste CPF---------------------------------------------------------------------------------------------------------------------
2015-07-03 16:04:52 Houve um Problema.
2015-07-03 16:05:38 ################################################################################# MUNDO TIGRE ########################################################################################################################
2015-07-03 16:05:38 
2015-07-03 16:05:38 --------------------------------------------------------------------------Teste CPF---------------------------------------------------------------------------------------------------------------------
2015-07-03 16:05:44 Teste CPF [-Não Passou]: 
2015-07-03 16:05:48 Teste CPF [-Não Passou]: 0123456711
2015-07-03 16:05:52 Teste CPF [+Passou]: 214748364722
2015-07-03 16:05:57 Teste CPF [+Passou]: 091.215.038.23
2015-07-03 16:06:04 Teste CPF [+Passou]: 21474836474
2015-07-03 16:06:10 Teste CPF [+Passou]: 654,123,212,25
2015-07-03 16:06:12 Teste CPF [-Não Passou]: OnzeLETRASA
2015-07-03 16:06:13 Teste CPF [-Não Passou]: !@#$%¨&*()_
2015-07-03 16:06:13 
2015-07-03 16:06:13 ------------------------------------------------------------------------------CPF com Javascript desabilitado -------------------------------------------------------------------------------------------------------------
2015-07-03 16:06:15 Teste CPF [-Não Passou]: 
2015-07-03 16:06:17 Teste CPF [-Não Passou]: 0123456719
2015-07-03 16:06:22 Teste CPF [+Passou]: 2147483647210
2015-07-03 16:06:27 Teste CPF [+Passou]: 091.215.038.211
2015-07-03 16:06:31 Teste CPF [+Passou]: 214748364712
2015-07-03 16:06:36 Teste CPF [+Passou]: 654,123,212,213
2015-07-03 16:06:38 Teste CPF [-Não Passou]: OnzeLETRASA
2015-07-03 16:06:40 Teste CPF [-Não Passou]: !@#$%¨&*()_
2015-07-03 16:06:40 
2015-07-03 16:06:40 ------------------------------------------------------------------------------Resultados do teste de CPF----------------------------------------------------------------------------------------------------------------------
2015-07-03 16:06:40 Total de vezes que enviou com Javascript habilitado: 4
2015-07-03 16:06:40 Total de vezes que não enviou com Javascript habilitado: 4
2015-07-03 16:06:40 
2015-07-03 16:06:40 Total de vezes que enviou com Javascript desabilitado: 4
2015-07-03 16:06:40 Total de vezes que não enviou com Javascript desabilitado: 4
2015-07-03 16:06:40 
2015-07-03 16:06:40 Total de vezes que enviou: 8
2015-07-03 16:06:40 Total de vezes que não enviou: 8
2015-07-03 16:06:40 
2015-07-03 16:06:40 Tempo total de execução: 01:01
2015-07-03 16:06:40 -----------------------------------------------------------------------------------------------------------------------------------------------------------------------------------------------------------------------------------
2015-07-03 16:06:40 --------------------------------------------------------------------------Teste Email---------------------------------------------------------------------------------------------------------------------
2015-07-03 16:06:42 Teste Email [-Não Passou]: 
2015-07-03 16:06:43 Teste Email [-Não Passou]: nome@mail
2015-07-03 16:06:48 Teste Email [+Passou]: nome@mail.com
2015-07-03 16:06:52 Teste Email [+Passou]: nome_!$#%@mail.com
2015-07-03 16:06:54 Teste Email [-Não Passou]: nome.sobrenome@mail
2015-07-03 16:06:58 Teste Email [+Passou]: nome.sobrenome@mail.com
2015-07-03 16:07:03 Teste Email [+Passou]: nome.sobrenome123@mail.com
2015-07-03 16:07:08 Teste Email [+Passou]: nome.sobrenome@mail.com.br
2015-07-03 16:07:10 Teste Email [-Não Passou]: nome_sobrenome@mail
2015-07-03 16:07:14 Teste Email [+Passou]: nome_sobrenome@mail.com
2015-07-03 16:07:19 Teste Email [+Passou]: nome_sobrenome123@mail.com
2015-07-03 16:07:23 Teste Email [+Passou]: nome_sobrenome@mail.com.br
2015-07-03 16:07:25 Teste Email [-Não Passou]: nome_sobrenome_outrosobrenome@mail
2015-07-03 16:07:30 Teste Email [+Passou]: nome_sobrenome_outrosobrenome@mail.com
2015-07-03 16:07:32 Teste Email [-Não Passou]: nome_sobrenome1!@23_outrosobrenome@mail.com
2015-07-03 16:07:37 Teste Email [+Passou]: nome_sobrenome_outrosobrenome@mail.com.br
2015-07-03 16:07:39 Teste Email [-Não Passou]: nome_sobrenom!@e_outr¨&$%osobrenome@mail.com.br
2015-07-03 16:07:39 
2015-07-03 16:07:39 ------------------------------------------------------------------------------Email com Javascript desabilitado -------------------------------------------------------------------------------------------------------------
2015-07-03 16:07:41 Teste Email [-Não Passou]: 
2015-07-03 16:07:43 Teste Email [-Não Passou]: nome@mail
2015-07-03 16:07:48 Teste Email [+Passou]: nome@mail.com
2015-07-03 16:07:53 Teste Email [+Passou]: nome_!$#%@mail.com
2015-07-03 16:07:55 Teste Email [-Não Passou]: nome.sobrenome@mail
2015-07-03 16:08:00 Teste Email [+Passou]: nome.sobrenome@mail.com
2015-07-03 16:08:05 Teste Email [+Passou]: nome.sobrenome123@mail.com
2015-07-03 16:08:10 Teste Email [+Passou]: nome.sobrenome@mail.com.br
2015-07-03 16:08:12 Teste Email [-Não Passou]: nome_sobrenome@mail
2015-07-03 16:08:17 Teste Email [+Passou]: nome_sobrenome@mail.com
2015-07-03 16:08:22 Teste Email [+Passou]: nome_sobrenome123@mail.com
2015-07-03 16:08:27 Teste Email [+Passou]: nome_sobrenome@mail.com.br
2015-07-03 16:08:29 Teste Email [-Não Passou]: nome_sobrenome_outrosobrenome@mail
2015-07-03 16:08:34 Teste Email [+Passou]: nome_sobrenome_outrosobrenome@mail.com
2015-07-03 16:08:36 Teste Email [-Não Passou]: nome_sobrenome1!@23_outrosobrenome@mail.com
2015-07-03 16:08:41 Teste Email [+Passou]: nome_sobrenome_outrosobrenome@mail.com.br
2015-07-03 16:08:43 Teste Email [-Não Passou]: nome_sobrenom!@e_outr¨&$%osobrenome@mail.com.br
2015-07-03 16:08:43 
2015-07-03 16:08:43 ------------------------------------------------------------------------------Resultados do teste de Email----------------------------------------------------------------------------------------------------------------------
2015-07-03 16:08:43 Total de vezes que enviou com Javascript habilitado: 10
2015-07-03 16:08:43 Total de vezes que não enviou com Javascript habilitado: 7
2015-07-03 16:08:43 
2015-07-03 16:08:43 Total de vezes que enviou com Javascript desabilitado: 10
2015-07-03 16:08:43 Total de vezes que não enviou com Javascript desabilitado: 7
2015-07-03 16:08:43 
2015-07-03 16:08:43 Total de vezes que enviou: 20
2015-07-03 16:08:43 Total de vezes que não enviou: 14
2015-07-03 16:08:43 
2015-07-03 16:08:43 Tempo total de execução: 02:03
2015-07-03 16:08:43 -----------------------------------------------------------------------------------------------------------------------------------------------------------------------------------------------------------------------------------
2015-07-03 16:08:43 Data da execução: 03/07/15 16:08
2015-07-03 16:08:43 Tempo total de execução de todos os testes: 03:10
2015-07-03 16:08:43 ####################################################################################################################################################################################################################
2015-07-03 16:08:43 O video foi gravado com sucesso!
2015-07-10 10:43:41 ################################################################################# MUNDO TIGRE ########################################################################################################################
2015-07-10 10:43:41 
2015-07-10 10:44:02 ################################################################################# MUNDO TIGRE ########################################################################################################################
2015-07-10 10:44:02 
2015-07-10 10:44:39 Teste Nome [+Passou]: vovo0
2015-07-10 10:47:05 ################################################################################# MUNDO TIGRE ########################################################################################################################
2015-07-10 10:47:05 
2015-07-10 10:47:35 Teste Nome [+Passou]: vovo0
2015-07-10 10:49:31 ################################################################################# MUNDO TIGRE ########################################################################################################################
2015-07-10 10:49:31 
2015-07-10 10:50:37 ################################################################################# MUNDO TIGRE ########################################################################################################################
2015-07-10 10:50:37 
2015-07-10 10:54:41 ################################################################################# MUNDO TIGRE ########################################################################################################################
2015-07-10 10:54:41 
2015-07-10 10:55:12 Teste Nome [+Passou]: vovo0
2015-07-10 10:56:24 ################################################################################# MUNDO TIGRE ########################################################################################################################
2015-07-10 10:56:24 
2015-07-10 10:56:54 Teste Nome [+Passou]: vovo0
2015-07-10 10:57:19 Teste Nome [+Passou]: vovo01231
2015-07-10 10:57:45 Teste Nome [+Passou]: 123!@#%#@#2
2015-07-10 10:59:49 ################################################################################# MUNDO TIGRE ########################################################################################################################
2015-07-10 10:59:49 
2015-07-10 11:01:17 Teste Nome [-Não Passou]: vovo0
2015-07-10 11:22:58 ################################################################################# MUNDO TIGRE ########################################################################################################################
2015-07-10 11:22:58 
2015-07-10 11:24:26 Teste Nome [+Passou]: vovo0
2015-07-10 11:24:53 Teste Nome [+Passou]: vovo01231
2015-07-10 11:25:19 Teste Nome [+Passou]: 123!@#%#@#2
2015-07-10 11:25:46 Teste Nome [+Passou]: TESTANDO
2015-07-14 16:55:02 ################################################################################# MUNDO TIGRE ########################################################################################################################
2015-07-14 16:55:02 
2015-07-15 09:40:42 ################################################################################# MUNDO TIGRE ########################################################################################################################
2015-07-15 09:40:42 
2015-07-15 09:41:16 Teste Nome [+Passou]: vovo0
